2025-03-19 18:51:29.332  INFO 10145 --- [restartedMain] music.service.Application                : Starting Application using Java 23.0.2 on MyComputer with PID 10145 (/home/kseny_dmitri/IdeaProjects/MusicService/target/classes started by kseny_dmitri in /home/kseny_dmitri/IdeaProjects/MusicService)
2025-03-19 18:51:29.333 DEBUG 10145 --- [restartedMain] music.service.Application                : Running with Spring Boot v2.6.3, Spring v5.3.15
2025-03-19 18:51:29.334  INFO 10145 --- [restartedMain] music.service.Application                : The following profiles are active: postgres
2025-03-19 18:51:29.375  INFO 10145 --- [restartedMain] .e.DevToolsPropertyDefaultsPostProcessor : Devtools property defaults active! Set 'spring.devtools.add-properties' to 'false' to disable
2025-03-19 18:51:29.375  INFO 10145 --- [restartedMain] .e.DevToolsPropertyDefaultsPostProcessor : For additional web related logging consider setting the 'logging.level.web' property to 'DEBUG'
2025-03-19 18:51:29.705  INFO 10145 --- [restartedMain] .s.d.r.c.RepositoryConfigurationDelegate : Bootstrapping Spring Data JPA repositories in DEFAULT mode.
2025-03-19 18:51:29.737  INFO 10145 --- [restartedMain] .s.d.r.c.RepositoryConfigurationDelegate : Finished Spring Data repository scanning in 27 ms. Found 4 JPA repository interfaces.
2025-03-19 18:51:30.047  INFO 10145 --- [restartedMain] o.s.b.w.embedded.tomcat.TomcatWebServer  : Tomcat initialized with port(s): 8080 (http)
2025-03-19 18:51:30.052  INFO 10145 --- [restartedMain] o.apache.catalina.core.StandardService   : Starting service [Tomcat]
2025-03-19 18:51:30.052  INFO 10145 --- [restartedMain] org.apache.catalina.core.StandardEngine  : Starting Servlet engine: [Apache Tomcat/9.0.56]
2025-03-19 18:51:30.086  INFO 10145 --- [restartedMain] o.a.c.c.C.[Tomcat].[localhost].[/]       : Initializing Spring embedded WebApplicationContext
2025-03-19 18:51:30.087  INFO 10145 --- [restartedMain] w.s.c.ServletWebServerApplicationContext : Root WebApplicationContext: initialization completed in 711 ms
2025-03-19 18:51:30.161  INFO 10145 --- [restartedMain] o.hibernate.jpa.internal.util.LogHelper  : HHH000204: Processing PersistenceUnitInfo [name: default]
2025-03-19 18:51:30.187  INFO 10145 --- [restartedMain] org.hibernate.Version                    : HHH000412: Hibernate ORM core version 5.6.4.Final
2025-03-19 18:51:30.263  INFO 10145 --- [restartedMain] o.hibernate.annotations.common.Version   : HCANN000001: Hibernate Commons Annotations {5.1.2.Final}
2025-03-19 18:51:30.317  INFO 10145 --- [restartedMain] com.zaxxer.hikari.HikariDataSource       : HikariPool-1 - Starting...
2025-03-19 18:51:30.549  INFO 10145 --- [restartedMain] com.zaxxer.hikari.HikariDataSource       : HikariPool-1 - Start completed.
2025-03-19 18:51:30.558  INFO 10145 --- [restartedMain] org.hibernate.dialect.Dialect            : HHH000400: Using dialect: org.hibernate.dialect.PostgreSQLDialect
2025-03-19 18:51:30.976  INFO 10145 --- [restartedMain] o.h.e.t.j.p.i.JtaPlatformInitiator       : HHH000490: Using JtaPlatform implementation: [org.hibernate.engine.transaction.jta.platform.internal.NoJtaPlatform]
2025-03-19 18:51:30.981  INFO 10145 --- [restartedMain] j.LocalContainerEntityManagerFactoryBean : Initialized JPA EntityManagerFactory for persistence unit 'default'
2025-03-19 18:51:31.304  WARN 10145 --- [restartedMain] JpaBaseConfiguration$JpaWebConfiguration : spring.jpa.open-in-view is enabled by default. Therefore, database queries may be performed during view rendering. Explicitly configure spring.jpa.open-in-view to disable this warning
2025-03-19 18:51:31.462  INFO 10145 --- [restartedMain] o.s.b.d.a.OptionalLiveReloadServer       : LiveReload server is running on port 35729
2025-03-19 18:51:31.478  INFO 10145 --- [restartedMain] o.s.b.w.embedded.tomcat.TomcatWebServer  : Tomcat started on port(s): 8080 (http) with context path ''
2025-03-19 18:51:31.484  INFO 10145 --- [restartedMain] music.service.Application                : Started Application in 2.371 seconds (JVM running for 2.795)
2025-03-19 18:51:54.472  INFO 10145 --- [http-nio-8080-exec-2] o.a.c.c.C.[Tomcat].[localhost].[/]       : Initializing Spring DispatcherServlet 'dispatcherServlet'
2025-03-19 18:51:54.472  INFO 10145 --- [http-nio-8080-exec-2] o.s.web.servlet.DispatcherServlet        : Initializing Servlet 'dispatcherServlet'
2025-03-19 18:51:54.473  INFO 10145 --- [http-nio-8080-exec-2] o.s.web.servlet.DispatcherServlet        : Completed initialization in 0 ms
2025-03-19 18:51:54.540  INFO 10145 --- [http-nio-8080-exec-2] music.service.service.CacheService       : Putting data into cache for key: albums_all_all
2025-03-19 18:52:27.846  INFO 10145 --- [http-nio-8080-exec-3] music.service.service.CacheService       : Putting data into cache for key: albums_ЛСП_all
2025-03-19 18:53:10.866  INFO 10145 --- [http-nio-8080-exec-4] music.service.service.CacheService       : Putting data into cache for key: albums_ЛСП_tragic sity
2025-03-19 18:53:23.616  INFO 10145 --- [http-nio-8080-exec-5] music.service.service.AlbumService       : Cache hit for key: albums_ЛСП_tragic sity
2025-03-19 18:53:23.617  INFO 10145 --- [http-nio-8080-exec-5] music.service.service.CacheService       : Getting data from cache for key: albums_ЛСП_tragic sity
2025-03-19 18:54:24.057  INFO 10145 --- [SpringApplicationShutdownHook] j.LocalContainerEntityManagerFactoryBean : Closing JPA EntityManagerFactory for persistence unit 'default'
2025-03-19 18:54:24.059  INFO 10145 --- [SpringApplicationShutdownHook] com.zaxxer.hikari.HikariDataSource       : HikariPool-1 - Shutdown initiated...
2025-03-19 18:54:24.062  INFO 10145 --- [SpringApplicationShutdownHook] com.zaxxer.hikari.HikariDataSource       : HikariPool-1 - Shutdown completed.
2025-03-19 22:46:23.100  INFO 10211 --- [restartedMain] music.service.Application                : Starting Application using Java 23.0.2 on MyComputer with PID 10211 (/home/kseny_dmitri/IdeaProjects/MusicService/target/classes started by kseny_dmitri in /home/kseny_dmitri/IdeaProjects/MusicService)
2025-03-19 22:46:23.101 DEBUG 10211 --- [restartedMain] music.service.Application                : Running with Spring Boot v2.6.3, Spring v5.3.15
2025-03-19 22:46:23.101  INFO 10211 --- [restartedMain] music.service.Application                : The following profiles are active: postgres
2025-03-19 22:46:23.145  INFO 10211 --- [restartedMain] .e.DevToolsPropertyDefaultsPostProcessor : Devtools property defaults active! Set 'spring.devtools.add-properties' to 'false' to disable
2025-03-19 22:46:23.146  INFO 10211 --- [restartedMain] .e.DevToolsPropertyDefaultsPostProcessor : For additional web related logging consider setting the 'logging.level.web' property to 'DEBUG'
2025-03-19 22:46:23.700  INFO 10211 --- [restartedMain] .s.d.r.c.RepositoryConfigurationDelegate : Bootstrapping Spring Data JPA repositories in DEFAULT mode.
2025-03-19 22:46:23.753  INFO 10211 --- [restartedMain] .s.d.r.c.RepositoryConfigurationDelegate : Finished Spring Data repository scanning in 46 ms. Found 4 JPA repository interfaces.
2025-03-19 22:46:24.179  INFO 10211 --- [restartedMain] o.s.b.w.embedded.tomcat.TomcatWebServer  : Tomcat initialized with port(s): 8080 (http)
2025-03-19 22:46:24.186  INFO 10211 --- [restartedMain] o.apache.catalina.core.StandardService   : Starting service [Tomcat]
2025-03-19 22:46:24.187  INFO 10211 --- [restartedMain] org.apache.catalina.core.StandardEngine  : Starting Servlet engine: [Apache Tomcat/9.0.56]
2025-03-19 22:46:24.229  INFO 10211 --- [restartedMain] o.a.c.c.C.[Tomcat].[localhost].[/]       : Initializing Spring embedded WebApplicationContext
2025-03-19 22:46:24.229  INFO 10211 --- [restartedMain] w.s.c.ServletWebServerApplicationContext : Root WebApplicationContext: initialization completed in 1083 ms
2025-03-19 22:46:24.320  INFO 10211 --- [restartedMain] o.hibernate.jpa.internal.util.LogHelper  : HHH000204: Processing PersistenceUnitInfo [name: default]
2025-03-19 22:46:24.350  INFO 10211 --- [restartedMain] org.hibernate.Version                    : HHH000412: Hibernate ORM core version 5.6.4.Final
2025-03-19 22:46:24.444  INFO 10211 --- [restartedMain] o.hibernate.annotations.common.Version   : HCANN000001: Hibernate Commons Annotations {5.1.2.Final}
2025-03-19 22:46:24.511  INFO 10211 --- [restartedMain] com.zaxxer.hikari.HikariDataSource       : HikariPool-1 - Starting...
2025-03-19 22:46:24.831  INFO 10211 --- [restartedMain] com.zaxxer.hikari.HikariDataSource       : HikariPool-1 - Start completed.
2025-03-19 22:46:24.843  INFO 10211 --- [restartedMain] org.hibernate.dialect.Dialect            : HHH000400: Using dialect: org.hibernate.dialect.PostgreSQLDialect
2025-03-19 22:46:25.359  INFO 10211 --- [restartedMain] o.h.e.t.j.p.i.JtaPlatformInitiator       : HHH000490: Using JtaPlatform implementation: [org.hibernate.engine.transaction.jta.platform.internal.NoJtaPlatform]
2025-03-19 22:46:25.364  INFO 10211 --- [restartedMain] j.LocalContainerEntityManagerFactoryBean : Initialized JPA EntityManagerFactory for persistence unit 'default'
2025-03-19 22:46:25.741  WARN 10211 --- [restartedMain] JpaBaseConfiguration$JpaWebConfiguration : spring.jpa.open-in-view is enabled by default. Therefore, database queries may be performed during view rendering. Explicitly configure spring.jpa.open-in-view to disable this warning
2025-03-19 22:46:25.970  INFO 10211 --- [restartedMain] o.s.b.d.a.OptionalLiveReloadServer       : LiveReload server is running on port 35729
2025-03-19 22:46:25.994  INFO 10211 --- [restartedMain] o.s.b.w.embedded.tomcat.TomcatWebServer  : Tomcat started on port(s): 8080 (http) with context path ''
2025-03-19 22:46:26.002  INFO 10211 --- [restartedMain] music.service.Application                : Started Application in 3.175 seconds (JVM running for 3.767)
2025-03-19 22:55:17.853  INFO 10211 --- [SpringApplicationShutdownHook] j.LocalContainerEntityManagerFactoryBean : Closing JPA EntityManagerFactory for persistence unit 'default'
2025-03-19 22:55:17.855  INFO 10211 --- [SpringApplicationShutdownHook] com.zaxxer.hikari.HikariDataSource       : HikariPool-1 - Shutdown initiated...
2025-03-19 22:55:17.861  INFO 10211 --- [SpringApplicationShutdownHook] com.zaxxer.hikari.HikariDataSource       : HikariPool-1 - Shutdown completed.
2025-03-19 22:55:21.266  INFO 10830 --- [restartedMain] music.service.Application                : Starting Application using Java 23.0.2 on MyComputer with PID 10830 (/home/kseny_dmitri/IdeaProjects/MusicService/target/classes started by kseny_dmitri in /home/kseny_dmitri/IdeaProjects/MusicService)
2025-03-19 22:55:21.267 DEBUG 10830 --- [restartedMain] music.service.Application                : Running with Spring Boot v2.6.3, Spring v5.3.15
2025-03-19 22:55:21.267  INFO 10830 --- [restartedMain] music.service.Application                : The following profiles are active: postgres
2025-03-19 22:55:21.313  INFO 10830 --- [restartedMain] .e.DevToolsPropertyDefaultsPostProcessor : Devtools property defaults active! Set 'spring.devtools.add-properties' to 'false' to disable
2025-03-19 22:55:21.313  INFO 10830 --- [restartedMain] .e.DevToolsPropertyDefaultsPostProcessor : For additional web related logging consider setting the 'logging.level.web' property to 'DEBUG'
2025-03-19 22:55:21.744  INFO 10830 --- [restartedMain] .s.d.r.c.RepositoryConfigurationDelegate : Bootstrapping Spring Data JPA repositories in DEFAULT mode.
2025-03-19 22:55:21.790  INFO 10830 --- [restartedMain] .s.d.r.c.RepositoryConfigurationDelegate : Finished Spring Data repository scanning in 41 ms. Found 4 JPA repository interfaces.
2025-03-19 22:55:22.158  INFO 10830 --- [restartedMain] o.s.b.w.embedded.tomcat.TomcatWebServer  : Tomcat initialized with port(s): 8080 (http)
2025-03-19 22:55:22.164  INFO 10830 --- [restartedMain] o.apache.catalina.core.StandardService   : Starting service [Tomcat]
2025-03-19 22:55:22.165  INFO 10830 --- [restartedMain] org.apache.catalina.core.StandardEngine  : Starting Servlet engine: [Apache Tomcat/9.0.56]
2025-03-19 22:55:22.206  INFO 10830 --- [restartedMain] o.a.c.c.C.[Tomcat].[localhost].[/]       : Initializing Spring embedded WebApplicationContext
2025-03-19 22:55:22.207  INFO 10830 --- [restartedMain] w.s.c.ServletWebServerApplicationContext : Root WebApplicationContext: initialization completed in 893 ms
2025-03-19 22:55:22.303  INFO 10830 --- [restartedMain] o.hibernate.jpa.internal.util.LogHelper  : HHH000204: Processing PersistenceUnitInfo [name: default]
2025-03-19 22:55:22.333  INFO 10830 --- [restartedMain] org.hibernate.Version                    : HHH000412: Hibernate ORM core version 5.6.4.Final
2025-03-19 22:55:22.427  INFO 10830 --- [restartedMain] o.hibernate.annotations.common.Version   : HCANN000001: Hibernate Commons Annotations {5.1.2.Final}
2025-03-19 22:55:22.486  INFO 10830 --- [restartedMain] com.zaxxer.hikari.HikariDataSource       : HikariPool-1 - Starting...
2025-03-19 22:55:22.757  INFO 10830 --- [restartedMain] com.zaxxer.hikari.HikariDataSource       : HikariPool-1 - Start completed.
2025-03-19 22:55:22.768  INFO 10830 --- [restartedMain] org.hibernate.dialect.Dialect            : HHH000400: Using dialect: org.hibernate.dialect.PostgreSQLDialect
2025-03-19 22:55:23.333  INFO 10830 --- [restartedMain] o.h.e.t.j.p.i.JtaPlatformInitiator       : HHH000490: Using JtaPlatform implementation: [org.hibernate.engine.transaction.jta.platform.internal.NoJtaPlatform]
2025-03-19 22:55:23.340  INFO 10830 --- [restartedMain] j.LocalContainerEntityManagerFactoryBean : Initialized JPA EntityManagerFactory for persistence unit 'default'
2025-03-19 22:55:23.761  WARN 10830 --- [restartedMain] JpaBaseConfiguration$JpaWebConfiguration : spring.jpa.open-in-view is enabled by default. Therefore, database queries may be performed during view rendering. Explicitly configure spring.jpa.open-in-view to disable this warning
2025-03-19 22:55:23.996  INFO 10830 --- [restartedMain] o.s.b.d.a.OptionalLiveReloadServer       : LiveReload server is running on port 35729
2025-03-19 22:55:24.019  INFO 10830 --- [restartedMain] o.s.b.w.embedded.tomcat.TomcatWebServer  : Tomcat started on port(s): 8080 (http) with context path ''
2025-03-19 22:55:24.028  INFO 10830 --- [restartedMain] music.service.Application                : Started Application in 3.033 seconds (JVM running for 3.57)
2025-03-19 22:55:27.533  INFO 10830 --- [http-nio-8080-exec-2] o.a.c.c.C.[Tomcat].[localhost].[/]       : Initializing Spring DispatcherServlet 'dispatcherServlet'
2025-03-19 22:55:27.533  INFO 10830 --- [http-nio-8080-exec-2] o.s.web.servlet.DispatcherServlet        : Initializing Servlet 'dispatcherServlet'
2025-03-19 22:55:27.534  INFO 10830 --- [http-nio-8080-exec-2] o.s.web.servlet.DispatcherServlet        : Completed initialization in 1 ms
2025-03-19 22:55:27.624  INFO 10830 --- [http-nio-8080-exec-2] music.service.service.CacheService       : Putting data into cache for key: albums_John_Rock_page0_size10_sorttitle
2025-03-19 22:56:18.704  INFO 10830 --- [http-nio-8080-exec-3] music.service.service.CacheService       : Putting data into cache for key: albums_ЛСП_tragic sity_page0_size10_sorttitle
2025-03-19 23:13:59.929  INFO 10830 --- [SpringApplicationShutdownHook] j.LocalContainerEntityManagerFactoryBean : Closing JPA EntityManagerFactory for persistence unit 'default'
2025-03-19 23:13:59.930  INFO 10830 --- [SpringApplicationShutdownHook] com.zaxxer.hikari.HikariDataSource       : HikariPool-1 - Shutdown initiated...
2025-03-19 23:13:59.934  INFO 10830 --- [SpringApplicationShutdownHook] com.zaxxer.hikari.HikariDataSource       : HikariPool-1 - Shutdown completed.
2025-03-19 23:14:03.157  INFO 11706 --- [restartedMain] music.service.Application                : Starting Application using Java 23.0.2 on MyComputer with PID 11706 (/home/kseny_dmitri/IdeaProjects/MusicService/target/classes started by kseny_dmitri in /home/kseny_dmitri/IdeaProjects/MusicService)
2025-03-19 23:14:03.158 DEBUG 11706 --- [restartedMain] music.service.Application                : Running with Spring Boot v2.6.3, Spring v5.3.15
2025-03-19 23:14:03.158  INFO 11706 --- [restartedMain] music.service.Application                : The following profiles are active: postgres
2025-03-19 23:14:03.199  INFO 11706 --- [restartedMain] .e.DevToolsPropertyDefaultsPostProcessor : Devtools property defaults active! Set 'spring.devtools.add-properties' to 'false' to disable
2025-03-19 23:14:03.199  INFO 11706 --- [restartedMain] .e.DevToolsPropertyDefaultsPostProcessor : For additional web related logging consider setting the 'logging.level.web' property to 'DEBUG'
2025-03-19 23:14:03.539  INFO 11706 --- [restartedMain] .s.d.r.c.RepositoryConfigurationDelegate : Bootstrapping Spring Data JPA repositories in DEFAULT mode.
2025-03-19 23:14:03.570  INFO 11706 --- [restartedMain] .s.d.r.c.RepositoryConfigurationDelegate : Finished Spring Data repository scanning in 26 ms. Found 4 JPA repository interfaces.
2025-03-19 23:14:03.864  INFO 11706 --- [restartedMain] o.s.b.w.embedded.tomcat.TomcatWebServer  : Tomcat initialized with port(s): 8080 (http)
2025-03-19 23:14:03.870  INFO 11706 --- [restartedMain] o.apache.catalina.core.StandardService   : Starting service [Tomcat]
2025-03-19 23:14:03.870  INFO 11706 --- [restartedMain] org.apache.catalina.core.StandardEngine  : Starting Servlet engine: [Apache Tomcat/9.0.56]
2025-03-19 23:14:03.901  INFO 11706 --- [restartedMain] o.a.c.c.C.[Tomcat].[localhost].[/]       : Initializing Spring embedded WebApplicationContext
2025-03-19 23:14:03.901  INFO 11706 --- [restartedMain] w.s.c.ServletWebServerApplicationContext : Root WebApplicationContext: initialization completed in 701 ms
2025-03-19 23:14:03.970  INFO 11706 --- [restartedMain] o.hibernate.jpa.internal.util.LogHelper  : HHH000204: Processing PersistenceUnitInfo [name: default]
2025-03-19 23:14:03.995  INFO 11706 --- [restartedMain] org.hibernate.Version                    : HHH000412: Hibernate ORM core version 5.6.4.Final
2025-03-19 23:14:04.065  INFO 11706 --- [restartedMain] o.hibernate.annotations.common.Version   : HCANN000001: Hibernate Commons Annotations {5.1.2.Final}
2025-03-19 23:14:04.122  INFO 11706 --- [restartedMain] com.zaxxer.hikari.HikariDataSource       : HikariPool-1 - Starting...
2025-03-19 23:14:04.355  INFO 11706 --- [restartedMain] com.zaxxer.hikari.HikariDataSource       : HikariPool-1 - Start completed.
2025-03-19 23:14:04.364  INFO 11706 --- [restartedMain] org.hibernate.dialect.Dialect            : HHH000400: Using dialect: org.hibernate.dialect.PostgreSQLDialect
2025-03-19 23:14:04.780  INFO 11706 --- [restartedMain] o.h.e.t.j.p.i.JtaPlatformInitiator       : HHH000490: Using JtaPlatform implementation: [org.hibernate.engine.transaction.jta.platform.internal.NoJtaPlatform]
2025-03-19 23:14:04.785  INFO 11706 --- [restartedMain] j.LocalContainerEntityManagerFactoryBean : Initialized JPA EntityManagerFactory for persistence unit 'default'
2025-03-19 23:14:05.102  WARN 11706 --- [restartedMain] JpaBaseConfiguration$JpaWebConfiguration : spring.jpa.open-in-view is enabled by default. Therefore, database queries may be performed during view rendering. Explicitly configure spring.jpa.open-in-view to disable this warning
2025-03-19 23:14:05.262  INFO 11706 --- [restartedMain] o.s.b.d.a.OptionalLiveReloadServer       : LiveReload server is running on port 35729
2025-03-19 23:14:05.277  INFO 11706 --- [restartedMain] o.s.b.w.embedded.tomcat.TomcatWebServer  : Tomcat started on port(s): 8080 (http) with context path ''
2025-03-19 23:14:05.283  INFO 11706 --- [restartedMain] music.service.Application                : Started Application in 2.334 seconds (JVM running for 2.77)
2025-03-19 23:14:28.385  INFO 11706 --- [http-nio-8080-exec-1] o.a.c.c.C.[Tomcat].[localhost].[/]       : Initializing Spring DispatcherServlet 'dispatcherServlet'
2025-03-19 23:14:28.385  INFO 11706 --- [http-nio-8080-exec-1] o.s.web.servlet.DispatcherServlet        : Initializing Servlet 'dispatcherServlet'
2025-03-19 23:14:28.386  INFO 11706 --- [http-nio-8080-exec-1] o.s.web.servlet.DispatcherServlet        : Completed initialization in 1 ms
2025-03-19 23:16:10.681  INFO 11706 --- [SpringApplicationShutdownHook] j.LocalContainerEntityManagerFactoryBean : Closing JPA EntityManagerFactory for persistence unit 'default'
2025-03-19 23:16:10.683  INFO 11706 --- [SpringApplicationShutdownHook] com.zaxxer.hikari.HikariDataSource       : HikariPool-1 - Shutdown initiated...
2025-03-19 23:16:10.686  INFO 11706 --- [SpringApplicationShutdownHook] com.zaxxer.hikari.HikariDataSource       : HikariPool-1 - Shutdown completed.
2025-03-19 23:16:13.508  INFO 11961 --- [restartedMain] music.service.Application                : Starting Application using Java 23.0.2 on MyComputer with PID 11961 (/home/kseny_dmitri/IdeaProjects/MusicService/target/classes started by kseny_dmitri in /home/kseny_dmitri/IdeaProjects/MusicService)
2025-03-19 23:16:13.509 DEBUG 11961 --- [restartedMain] music.service.Application                : Running with Spring Boot v2.6.3, Spring v5.3.15
2025-03-19 23:16:13.509  INFO 11961 --- [restartedMain] music.service.Application                : The following profiles are active: postgres
2025-03-19 23:16:13.546  INFO 11961 --- [restartedMain] .e.DevToolsPropertyDefaultsPostProcessor : Devtools property defaults active! Set 'spring.devtools.add-properties' to 'false' to disable
2025-03-19 23:16:13.546  INFO 11961 --- [restartedMain] .e.DevToolsPropertyDefaultsPostProcessor : For additional web related logging consider setting the 'logging.level.web' property to 'DEBUG'
2025-03-19 23:16:13.872  INFO 11961 --- [restartedMain] .s.d.r.c.RepositoryConfigurationDelegate : Bootstrapping Spring Data JPA repositories in DEFAULT mode.
2025-03-19 23:16:13.903  INFO 11961 --- [restartedMain] .s.d.r.c.RepositoryConfigurationDelegate : Finished Spring Data repository scanning in 26 ms. Found 4 JPA repository interfaces.
2025-03-19 23:16:14.194  INFO 11961 --- [restartedMain] o.s.b.w.embedded.tomcat.TomcatWebServer  : Tomcat initialized with port(s): 8080 (http)
2025-03-19 23:16:14.200  INFO 11961 --- [restartedMain] o.apache.catalina.core.StandardService   : Starting service [Tomcat]
2025-03-19 23:16:14.200  INFO 11961 --- [restartedMain] org.apache.catalina.core.StandardEngine  : Starting Servlet engine: [Apache Tomcat/9.0.56]
2025-03-19 23:16:14.230  INFO 11961 --- [restartedMain] o.a.c.c.C.[Tomcat].[localhost].[/]       : Initializing Spring embedded WebApplicationContext
2025-03-19 23:16:14.231  INFO 11961 --- [restartedMain] w.s.c.ServletWebServerApplicationContext : Root WebApplicationContext: initialization completed in 684 ms
2025-03-19 23:16:14.303  INFO 11961 --- [restartedMain] o.hibernate.jpa.internal.util.LogHelper  : HHH000204: Processing PersistenceUnitInfo [name: default]
2025-03-19 23:16:14.332  INFO 11961 --- [restartedMain] org.hibernate.Version                    : HHH000412: Hibernate ORM core version 5.6.4.Final
2025-03-19 23:16:14.406  INFO 11961 --- [restartedMain] o.hibernate.annotations.common.Version   : HCANN000001: Hibernate Commons Annotations {5.1.2.Final}
2025-03-19 23:16:14.454  INFO 11961 --- [restartedMain] com.zaxxer.hikari.HikariDataSource       : HikariPool-1 - Starting...
2025-03-19 23:16:14.691  INFO 11961 --- [restartedMain] com.zaxxer.hikari.HikariDataSource       : HikariPool-1 - Start completed.
2025-03-19 23:16:14.701  INFO 11961 --- [restartedMain] org.hibernate.dialect.Dialect            : HHH000400: Using dialect: org.hibernate.dialect.PostgreSQLDialect
2025-03-19 23:16:15.176  INFO 11961 --- [restartedMain] o.h.e.t.j.p.i.JtaPlatformInitiator       : HHH000490: Using JtaPlatform implementation: [org.hibernate.engine.transaction.jta.platform.internal.NoJtaPlatform]
2025-03-19 23:16:15.181  INFO 11961 --- [restartedMain] j.LocalContainerEntityManagerFactoryBean : Initialized JPA EntityManagerFactory for persistence unit 'default'
2025-03-19 23:16:15.511  WARN 11961 --- [restartedMain] JpaBaseConfiguration$JpaWebConfiguration : spring.jpa.open-in-view is enabled by default. Therefore, database queries may be performed during view rendering. Explicitly configure spring.jpa.open-in-view to disable this warning
2025-03-19 23:16:15.672  INFO 11961 --- [restartedMain] o.s.b.d.a.OptionalLiveReloadServer       : LiveReload server is running on port 35729
2025-03-19 23:16:15.686  INFO 11961 --- [restartedMain] o.s.b.w.embedded.tomcat.TomcatWebServer  : Tomcat started on port(s): 8080 (http) with context path ''
2025-03-19 23:16:15.692  INFO 11961 --- [restartedMain] music.service.Application                : Started Application in 2.386 seconds (JVM running for 2.798)
2025-03-19 23:16:17.237  INFO 11961 --- [http-nio-8080-exec-2] o.a.c.c.C.[Tomcat].[localhost].[/]       : Initializing Spring DispatcherServlet 'dispatcherServlet'
2025-03-19 23:16:17.237  INFO 11961 --- [http-nio-8080-exec-2] o.s.web.servlet.DispatcherServlet        : Initializing Servlet 'dispatcherServlet'
2025-03-19 23:16:17.238  INFO 11961 --- [http-nio-8080-exec-2] o.s.web.servlet.DispatcherServlet        : Completed initialization in 1 ms
2025-03-19 23:17:22.830  INFO 11961 --- [http-nio-8080-exec-5] music.service.service.CacheService       : Putting data into cache for key: albums_all_all_all_all_all_0_1
2025-03-19 23:17:35.340  INFO 11961 --- [http-nio-8080-exec-6] music.service.service.CacheService       : Putting data into cache for key: albums_all_all_all_all_all_0_10
2025-03-19 23:17:44.747 DEBUG 11961 --- [http-nio-8080-exec-7] music.service.service.TrackService       : Cache hit for key: albums_all_all_all_all_all_0_10
2025-03-19 23:17:44.747  INFO 11961 --- [http-nio-8080-exec-7] music.service.service.CacheService       : Getting data from cache for key: albums_all_all_all_all_all_0_10
2025-03-19 23:18:06.200 DEBUG 11961 --- [http-nio-8080-exec-8] music.service.service.TrackService       : Cache hit for key: albums_all_all_all_all_all_0_10
2025-03-19 23:18:06.200  INFO 11961 --- [http-nio-8080-exec-8] music.service.service.CacheService       : Getting data from cache for key: albums_all_all_all_all_all_0_10
2025-03-19 23:18:24.415 DEBUG 11961 --- [http-nio-8080-exec-9] music.service.service.TrackService       : Cache hit for key: albums_all_all_all_all_all_0_1
2025-03-19 23:18:24.415  INFO 11961 --- [http-nio-8080-exec-9] music.service.service.CacheService       : Getting data from cache for key: albums_all_all_all_all_all_0_1
