2025-04-09 20:14:34 INFO  [background-preinit] o.h.validator.internal.util.Version - HV000001: Hibernate Validator 6.2.5.Final
2025-04-09 20:14:34 INFO  [restartedMain] music.service.Application - Starting Application using Java 23.0.2 on MyComputer with PID 18809 (/home/kseny_dmitri/IdeaProjects/MusicService/target/classes started by kseny_dmitri in /home/kseny_dmitri/IdeaProjects/MusicService)
2025-04-09 20:14:34 DEBUG [restartedMain] music.service.Application - Running with Spring Boot v2.7.13, Spring v5.3.28
2025-04-09 20:14:34 INFO  [restartedMain] music.service.Application - The following 1 profile is active: "postgres"
2025-04-09 20:14:34 INFO  [restartedMain] o.s.b.d.e.DevToolsPropertyDefaultsPostProcessor - Devtools property defaults active! Set 'spring.devtools.add-properties' to 'false' to disable
2025-04-09 20:14:34 INFO  [restartedMain] o.s.b.d.e.DevToolsPropertyDefaultsPostProcessor - For additional web related logging consider setting the 'logging.level.web' property to 'DEBUG'
2025-04-09 20:14:35 INFO  [restartedMain] o.s.d.r.c.RepositoryConfigurationDelegate - Bootstrapping Spring Data JPA repositories in DEFAULT mode.
2025-04-09 20:14:35 INFO  [restartedMain] o.s.d.r.c.RepositoryConfigurationDelegate - Finished Spring Data repository scanning in 54 ms. Found 4 JPA repository interfaces.
2025-04-09 20:14:36 INFO  [restartedMain] o.s.b.w.e.tomcat.TomcatWebServer - Tomcat initialized with port(s): 8080 (http)
2025-04-09 20:14:36 INFO  [restartedMain] o.a.coyote.http11.Http11NioProtocol - Initializing ProtocolHandler ["http-nio-8080"]
2025-04-09 20:14:36 INFO  [restartedMain] o.a.catalina.core.StandardService - Starting service [Tomcat]
2025-04-09 20:14:36 INFO  [restartedMain] o.a.catalina.core.StandardEngine - Starting Servlet engine: [Apache Tomcat/9.0.76]
2025-04-09 20:14:36 INFO  [restartedMain] o.a.c.c.C.[Tomcat].[localhost].[/] - Initializing Spring embedded WebApplicationContext
2025-04-09 20:14:36 INFO  [restartedMain] o.s.b.w.s.c.ServletWebServerApplicationContext - Root WebApplicationContext: initialization completed in 1920 ms
2025-04-09 20:14:37 INFO  [restartedMain] o.h.jpa.internal.util.LogHelper - HHH000204: Processing PersistenceUnitInfo [name: default]
2025-04-09 20:14:37 INFO  [restartedMain] org.hibernate.Version - HHH000412: Hibernate ORM core version 5.6.15.Final
2025-04-09 20:14:37 INFO  [restartedMain] o.h.annotations.common.Version - HCANN000001: Hibernate Commons Annotations {5.1.2.Final}
2025-04-09 20:14:37 INFO  [restartedMain] com.zaxxer.hikari.HikariDataSource - HikariPool-1 - Starting...
2025-04-09 20:14:37 INFO  [restartedMain] com.zaxxer.hikari.HikariDataSource - HikariPool-1 - Start completed.
2025-04-09 20:14:37 INFO  [restartedMain] org.hibernate.dialect.Dialect - HHH000400: Using dialect: org.hibernate.dialect.PostgreSQLDialect
2025-04-09 20:14:38 INFO  [restartedMain] o.h.e.t.j.p.i.JtaPlatformInitiator - HHH000490: Using JtaPlatform implementation: [org.hibernate.engine.transaction.jta.platform.internal.NoJtaPlatform]
2025-04-09 20:14:38 INFO  [restartedMain] o.s.o.j.LocalContainerEntityManagerFactoryBean - Initialized JPA EntityManagerFactory for persistence unit 'default'
2025-04-09 20:14:39 WARN  [restartedMain] o.s.b.a.o.j.JpaBaseConfiguration$JpaWebConfiguration - spring.jpa.open-in-view is enabled by default. Therefore, database queries may be performed during view rendering. Explicitly configure spring.jpa.open-in-view to disable this warning
2025-04-09 20:14:40 INFO  [restartedMain] o.s.b.d.a.OptionalLiveReloadServer - LiveReload server is running on port 35729
2025-04-09 20:14:40 INFO  [restartedMain] o.a.coyote.http11.Http11NioProtocol - Starting ProtocolHandler ["http-nio-8080"]
2025-04-09 20:14:40 INFO  [restartedMain] o.s.b.w.e.tomcat.TomcatWebServer - Tomcat started on port(s): 8080 (http) with context path ''
2025-04-09 20:14:40 INFO  [restartedMain] music.service.Application - Started Application in 6.525 seconds (JVM running for 7.345)
2025-04-09 20:17:14 INFO  [http-nio-8080-exec-2] o.a.c.c.C.[Tomcat].[localhost].[/] - Initializing Spring DispatcherServlet 'dispatcherServlet'
2025-04-09 20:17:14 INFO  [http-nio-8080-exec-2] o.s.web.servlet.DispatcherServlet - Initializing Servlet 'dispatcherServlet'
2025-04-09 20:17:14 INFO  [http-nio-8080-exec-2] o.s.web.servlet.DispatcherServlet - Completed initialization in 1 ms
2025-04-09 20:17:14 INFO  [http-nio-8080-exec-2] music.service.aspect.LoggingAspect - Method called: AlbumService.getAllAlbums(..)
2025-04-09 20:17:14 DEBUG [http-nio-8080-exec-2] music.service.service.AlbumService - Generated cache key: albums_all_all_page0_size_10_sort_title
2025-04-09 20:17:14 INFO  [http-nio-8080-exec-2] music.service.aspect.LoggingAspect - Method called: CacheConfig.containsKey(..)
2025-04-09 20:17:14 DEBUG [http-nio-8080-exec-2] music.service.service.AlbumService - Fetched from database: Page 1 of 1 containing music.service.model.Album instances
2025-04-09 20:17:14 INFO  [http-nio-8080-exec-2] music.service.aspect.LoggingAspect - Method called: CacheConfig.put(..)
2025-04-09 20:17:14 INFO  [http-nio-8080-exec-2] music.service.config.CacheConfig - Putting data into cache for key: albums_all_all_page0_size_10_sort_title
2025-04-09 20:17:14 INFO  [http-nio-8080-exec-2] music.service.aspect.LoggingAspect - Method called: AlbumService.mapToAlbumResponse(..)
2025-04-09 21:18:10 INFO  [SpringApplicationShutdownHook] o.s.o.j.LocalContainerEntityManagerFactoryBean - Closing JPA EntityManagerFactory for persistence unit 'default'
2025-04-09 21:18:10 INFO  [SpringApplicationShutdownHook] com.zaxxer.hikari.HikariDataSource - HikariPool-1 - Shutdown initiated...
2025-04-09 21:18:10 INFO  [SpringApplicationShutdownHook] com.zaxxer.hikari.HikariDataSource - HikariPool-1 - Shutdown completed.
